<?xml version="1.0" encoding="UTF-8"?>
<testng-results skipped="0" failed="0" ignored="0" total="1" passed="1">
  <reporter-output>
  </reporter-output>
  <suite name="Default suite" duration-ms="69" started-at="2020-09-28T17:40:40Z" finished-at="2020-09-28T17:40:40Z">
    <groups>
    </groups>
    <test name="Default test" duration-ms="69" started-at="2020-09-28T17:40:40Z" finished-at="2020-09-28T17:40:40Z">
      <class name="RestSample.Test_Post">
        <test-method status="PASS" signature="test_01()[pri:0, instance:RestSample.Test_Post@61832929]" name="test_01" duration-ms="21" started-at="2020-09-28T17:40:40Z" finished-at="2020-09-28T17:40:40Z">
          <reporter-output>
          </reporter-output>
        </test-method> <!-- test_01 -->
      </class> <!-- RestSample.Test_Post -->
    </test> <!-- Default test -->
  </suite> <!-- Default suite -->
</testng-results>
