<?xml version="1.0" encoding="UTF-8"?>
<testng-results ignored="0" total="1" passed="1" failed="0" skipped="0">
  <reporter-output>
  </reporter-output>
  <suite started-at="2023-01-26T18:09:56 IST" name="Default suite" finished-at="2023-01-26T18:09:56 IST" duration-ms="51">
    <groups>
    </groups>
    <test started-at="2023-01-26T18:09:56 IST" name="Default test" finished-at="2023-01-26T18:09:56 IST" duration-ms="51">
      <class name="RestSample.Test_Post">
        <test-method signature="test_01()[pri:0, instance:RestSample.Test_Post@149e0f5d]" started-at="2023-01-26T18:09:56 IST" name="test_01" finished-at="2023-01-26T18:09:56 IST" duration-ms="10" status="PASS">
          <reporter-output>
          </reporter-output>
        </test-method> <!-- test_01 -->
      </class> <!-- RestSample.Test_Post -->
    </test> <!-- Default test -->
  </suite> <!-- Default suite -->
</testng-results>
